~/rpitools/gpio/rgb_button/lib ~/rpitools/gpio/rgb_button/bin
~/rpitools/gpio/rgb_button/bin

~/rpitools/gpio/rgb_led/bin ~/rpitools/gpio/rgb_button/bin
~/rpitools/gpio/rgb_button/bin
./start_oled_demo.bash: line 14: /rgb_led_controller.py: No such file or directory
~/rpitools/gpio/rgb_led/bin ~/rpitools/gpio/rgb_button/bin
~/rpitools/gpio/rgb_button/bin

~/rpitools/gpio/rgb_led/bin ~/rpitools/gpio/rgb_button/bin
~/rpitools/gpio/rgb_button/bin
./start_oled_demo.bash: line 14: /rgb_led_controller.py: No such file or directory
rgb_demo.py already run.

~/rpitools/gpio/rgb_led/bin ~/rpitools/gpio/rgb_button/bin
~/rpitools/gpio/rgb_button/bin
./start_oled_demo.bash: line 14: /rgb_led_controller.py: No such file or directory
rgb_demo.py already run.
[DEBUG] ConfigHandler.read_cfg_file write json: Expecting value: line 1 column 1 (char 0)
[DEBUG] ConfigHandler.read_cfg_file write json: Expecting value: line 1 column 1 (char 0)
[DEBUG] ConfigHandler.read_cfg_file write json: Expecting value: line 1 column 1 (char 0)
[DEBUG] ConfigHandler.read_cfg_file write json: Expecting value: line 1 column 1 (char 0)
[DEBUG] ConfigHandler.read_cfg_file write json: Expecting value: line 1 column 1 (char 0)
[DEBUG] ConfigHandler.read_cfg_file write json: Expecting value: line 1 column 1 (char 0)
[DEBUG] ConfigHandler.read_cfg_file write json: Expecting value: line 1 column 1 (char 0)
[DEBUG] ConfigHandler.read_cfg_file write json: Expecting value: line 1 column 1 (char 0)
[DEBUG] ConfigHandler.read_cfg_file write json: Expecting value: line 1 column 1 (char 0)
[DEBUG] ConfigHandler.read_cfg_file write json: Expecting value: line 1 column 1 (char 0)
[ERROR] read_cfg_file
[DEBUG] ConfigHandler.read_cfg_file write json: Expecting value: line 1 column 1 (char 0)
[DEBUG] ConfigHandler.read_cfg_file write json: Expecting value: line 1 column 1 (char 0)
[DEBUG] ConfigHandler.read_cfg_file write json: Expecting value: line 1 column 1 (char 0)
[DEBUG] ConfigHandler.read_cfg_file write json: Expecting value: line 1 column 1 (char 0)
[DEBUG] ConfigHandler.read_cfg_file write json: Expecting value: line 1 column 1 (char 0)
[DEBUG] ConfigHandler.read_cfg_file write json: Expecting value: line 1 column 1 (char 0)
[DEBUG] ConfigHandler.read_cfg_file write json: Expecting value: line 1 column 1 (char 0)
[DEBUG] ConfigHandler.read_cfg_file write json: Expecting value: line 1 column 1 (char 0)
[DEBUG] ConfigHandler.read_cfg_file write json: Expecting value: line 1 column 1 (char 0)
[DEBUG] ConfigHandler.read_cfg_file write json: Expecting value: line 1 column 1 (char 0)
[ERROR] read_cfg_file
Set red: 90
Set green: 25
Set blue: 55

~/rpitools/gpio/rgb_led/bin ~/rpitools/gpio/rgb_button/bin
~/rpitools/gpio/rgb_button/bin
./start_oled_demo.bash: line 14: /rgb_led_controller.py: No such file or directory
rgb_demo.py already run.

~/rpitools/gpio/rgb_led/bin ~/rpitools/gpio/rgb_button/bin
~/rpitools/gpio/rgb_button/bin
./start_oled_demo.bash: line 14: /rgb_led_controller.py: No such file or directory
rgb_demo.py already run.

~/rpitools/gpio/rgb_led/bin ~/rpitools/gpio/rgb_button/bin
~/rpitools/gpio/rgb_button/bin
./start_oled_demo.bash: line 14: /rgb_led_controller.py: No such file or directory
rgb_demo.py already run.
Set red: 75
Set green: 50
Set blue: 10

~/rpitools/gpio/rgb_led/bin ~/rpitools/gpio/rgb_button/bin
~/rpitools/gpio/rgb_button/bin
./start_oled_demo.bash: line 14: /rgb_led_controller.py: No such file or directory
rgb_demo.py already run.

~/rpitools/gpio/rgb_led/bin ~/rpitools/gpio/rgb_button/bin
~/rpitools/gpio/rgb_button/bin
./start_oled_demo.bash: line 14: /rgb_led_controller.py: No such file or directory
rgb_demo.py already run.
Set red: 90
Set green: 45
Set blue: 10
Set red: 75
Set green: 0
Set blue: 5
Set red: 10
Set green: 35
Set blue: 10
Set red: 45
Set green: 60
Set blue: 25
Set red: 80
Set green: 90
Set blue: 25
Set red: 40
Set green: 10
Set blue: 25
Set red: 35
Set green: 60
Set blue: 75
Set red: 65
Set green: 0
Set blue: 40
Set red: 55
Set green: 65
Set blue: 65
Set red: 15
Set green: 95
Set blue: 75
Set red: 40
Set green: 35
Set blue: 55
Set red: 60
Set green: 50
Set blue: 95
Set red: 40
Set green: 60
Set blue: 25
Set red: 90
Set green: 30
Set blue: 20
Set red: 15
Set green: 30
Set blue: 35

~/rpitools/gpio/rgb_led/bin ~/rpitools/gpio/rgb_button/bin
~/rpitools/gpio/rgb_button/bin
./start_oled_demo.bash: line 14: /rgb_led_controller.py: No such file or directory
rgb_demo.py already run.
Set red: 25
Set green: 80
Set blue: 45

~/rpitools/gpio/rgb_led/bin ~/rpitools/gpio/rgb_button/bin
~/rpitools/gpio/rgb_button/bin
./start_oled_demo.bash: line 14: /rgb_led_controller.py: No such file or directory
rgb_demo.py already run.
Set red: 50
Set green: 75
Set blue: 50

~/rpitools/gpio/rgb_led/bin ~/rpitools/gpio/rgb_button/bin
~/rpitools/gpio/rgb_button/bin
./start_oled_demo.bash: line 14: /rgb_led_controller.py: No such file or directory
rgb_demo.py already run.
Set red: 5
Set green: 65
Set blue: 60
Set red: 85
Set green: 90
Set blue: 70
Set red: 70
Set green: 5
Set blue: 45
Set red: 90
Set green: 30
Set blue: 90
Set red: 55
Set green: 70
Set blue: 15
Set red: 5
Set green: 90
Set blue: 40
Set red: 75
Set green: 70
Set blue: 95
Set red: 40
Set green: 95
Set blue: 20
Set red: 15
Set green: 95
Set blue: 55
Set red: 90
Set green: 55
Set blue: 35
Set red: 30
Set green: 80
Set blue: 55
Set red: 55
Set green: 75
Set blue: 75
Set red: 0
Set green: 75
Set blue: 80
Set red: 40
Set green: 90
Set blue: 45
Set red: 20
Set green: 55
Set blue: 30
Set red: 15
Set green: 75
Set blue: 30
Set red: 5
Set green: 90
Set blue: 30
Set red: 75
Set green: 65
Set blue: 85
Set red: 50
Set green: 0
Set blue: 0
Set red: 80
Set green: 30
Set blue: 55
Set red: 55
Set green: 40
Set blue: 75
Set red: 65
Set green: 5
Set blue: 70
Set red: 5
Set green: 20
Set blue: 5
Set red: 85
Set green: 60
Set blue: 45
Set red: 70
Set green: 25
Set blue: 75
Set red: 65
Set green: 5
Set blue: 20
Set red: 90
Set green: 95
Set blue: 40
Set red: 95
Set green: 25
Set blue: 15
Set red: 75
Set green: 75
Set blue: 65
Set red: 5
Set green: 45
Set blue: 90
Set red: 80
Set green: 85
Set blue: 40
Set red: 55
Set green: 50
Set blue: 5
Set red: 30
Set green: 75
Set blue: 75
Set red: 90
Set green: 25
Set blue: 65
Set red: 55
Set green: 0
Set blue: 20
Set red: 90
Set green: 85
Set blue: 85
Set red: 20
Set green: 60
Set blue: 25
Set red: 30
Set green: 5
Set blue: 60
Set red: 15
Set green: 55
Set blue: 80
Set red: 95
Set green: 85
Set blue: 5
Set red: 35
Set green: 80
Set blue: 10
Set red: 45
Set green: 55
Set blue: 30
Set red: 95
Set green: 80
Set blue: 40
Set red: 20
Set green: 90
Set blue: 25
Set red: 65
Set green: 85
Set blue: 55
Set red: 15
Set green: 40
Set blue: 45
Set red: 10
Set green: 25
Set blue: 50
Set red: 90
Set green: 60
Set blue: 30
Set red: 35
Set green: 45
Set blue: 0
Set red: 95
Set green: 65
Set blue: 15
Set red: 70
Set green: 30
Set blue: 5
Set red: 90
Set green: 40
Set blue: 10
Set red: 0
Set green: 0
Set blue: 80
Set red: 65
Set green: 60
Set blue: 90
Set red: 80
Set green: 0
Set blue: 55
Set red: 20
Set green: 5
Set blue: 40
Set red: 55
Set green: 35
Set blue: 20
Set red: 5
Set green: 50
Set blue: 75
Set red: 10
Set green: 60
Set blue: 45
Set red: 95
Set green: 80
Set blue: 40
Set red: 80
Set green: 35
Set blue: 30
Set red: 0
Set green: 55
Set blue: 25
Set red: 65
Set green: 80
Set blue: 60
Set red: 45
Set green: 50
Set blue: 70
Set red: 30
Set green: 65
Set blue: 75
Set red: 60
Set green: 50
Set blue: 30
Set red: 10
Set green: 75
Set blue: 60
Set red: 25
Set green: 20
Set blue: 65
Set red: 15
Set green: 70
Set blue: 10
Set red: 30
Set green: 50
Set blue: 35
Set red: 35
Set green: 85
Set blue: 25
Set red: 75
Set green: 35
Set blue: 95
Set red: 90
Set green: 0
Set blue: 30
Set red: 0
Set green: 35
Set blue: 65
Set red: 75
Set green: 80
Set blue: 10
Set red: 5
Set green: 60
Set blue: 80
Set red: 20
Set green: 30
Set blue: 90
Set red: 40
Set green: 65
Set blue: 50
Set red: 70
Set green: 50
Set blue: 70
Set red: 35
Set green: 85
Set blue: 10
Set red: 50
Set green: 70
Set blue: 5
Set red: 75
Set green: 45
Set blue: 90
Set red: 45
Set green: 65
Set blue: 90
Set red: 15
Set green: 75
Set blue: 20
Set red: 55
Set green: 40
Set blue: 50
Set red: 40
Set green: 30
Set blue: 80
Set red: 45
Set green: 35
Set blue: 50
Set red: 15
Set green: 75
Set blue: 85
Set red: 35
Set green: 80
Set blue: 70
Set red: 70
Set green: 10
Set blue: 55
Set red: 70
Set green: 55
Set blue: 65
Set red: 85
Set green: 25
Set blue: 50
Set red: 30
Set green: 65
Set blue: 35
Set red: 50
Set green: 45
Set blue: 35
Set red: 80
Set green: 40
Set blue: 10
Set red: 75
Set green: 85
Set blue: 0
Set red: 20
Set green: 50
Set blue: 20
Set red: 90
Set green: 0
Set blue: 10
Set red: 30
Set green: 5
Set blue: 80
Set red: 65
Set green: 20
Set blue: 25
Set red: 20
Set green: 80
Set blue: 10
Set red: 85
Set green: 45
Set blue: 65
Set red: 5
Set green: 75
Set blue: 55
Set red: 50
Set green: 5
Set blue: 90
Set red: 95
Set green: 15
Set blue: 95
Set red: 30
Set green: 10
Set blue: 45
Set red: 40
Set green: 55
Set blue: 20
Set red: 10
Set green: 45
Set blue: 10
Set red: 95
Set green: 90
Set blue: 35
Set red: 80
Set green: 10
Set blue: 10
Set red: 30
Set green: 10
Set blue: 85
Set red: 50
Set green: 80
Set blue: 55
Set red: 65
Set green: 15
Set blue: 45
Set red: 5
Set green: 60
Set blue: 30
Set red: 10
Set green: 50
Set blue: 75
ButtonHandler.py already run.
~/rpitools/gpio/rgb_button/lib ~/rpitools/gpio/rgb_button/bin
~/rpitools/gpio/rgb_button/bin

~/rpitools/gpio/rgb_led/bin ~/rpitools/gpio/rgb_button/bin
~/rpitools/gpio/rgb_button/bin
~/rpitools/gpio/rgb_led/bin ~/rpitools/gpio/rgb_button/bin
TRURN ON LED
~/rpitools/gpio/rgb_button/bin
Set red: 55
Set green: 95
Set blue: 55
Set red: 45
Set green: 45
Set blue: 0
Set red: 90
Set green: 10
Set blue: 5
Set red: 90
Set green: 5
Set blue: 80
Set red: 20
Set green: 15
Set blue: 30
Set red: 70
Set green: 95
Set blue: 15
Set red: 5
Set green: 55
Set blue: 10
Set red: 30
Set green: 75
Set blue: 25
Set red: 15
Set green: 20
Set blue: 20
Set red: 5
Set green: 60
Set blue: 65
Set red: 15
Set green: 60
Set blue: 75
Set red: 35
Set green: 90
Set blue: 15
Set red: 15
Set green: 40
Set blue: 75
Set red: 5
Set green: 35
Set blue: 70
Set red: 45
Set green: 95
Set blue: 40
Set red: 45
Set green: 70
Set blue: 55
Set red: 60
Set green: 35
Set blue: 10
Set red: 45
Set green: 0
Set blue: 45
Set red: 75
Set green: 70
Set blue: 60
Set red: 85
Set green: 40
Set blue: 95
Set red: 45
Set green: 35
Set blue: 35
Set red: 15
Set green: 65
Set blue: 95
Set red: 90
Set green: 5
Set blue: 0
Set red: 35
Set green: 70
Set blue: 40
Set red: 0
Set green: 15
Set blue: 75
Set red: 45
Set green: 0
Set blue: 0
Set red: 50
Set green: 0
Set blue: 65
Set red: 15
Set green: 50
Set blue: 45
Set red: 85
Set green: 0
Set blue: 25
Set red: 35
Set green: 70
Set blue: 80
Set red: 85
Set green: 75
Set blue: 30
Set red: 65
Set green: 25
Set blue: 80
Set red: 45
Set green: 50
Set blue: 45
Set red: 75
Set green: 40
Set blue: 25
Set red: 35
Set green: 20
Set blue: 50
Set red: 85
Set green: 80
Set blue: 10
Set red: 10
Set green: 35
Set blue: 45
Set red: 85
Set green: 90
Set blue: 45
Set red: 85
Set green: 5
Set blue: 55
Set red: 85
Set green: 85
Set blue: 65
Set red: 70
Set green: 30
Set blue: 20
Set red: 35
Set green: 75
Set blue: 80
Set red: 30
Set green: 30
Set blue: 0
Set red: 30
Set green: 85
Set blue: 50
Set red: 45
Set green: 50
Set blue: 35
Set red: 90
Set green: 40
Set blue: 15
Set red: 50
Set green: 55
Set blue: 55
Set red: 95
Set green: 5
Set blue: 15
Set red: 75
Set green: 15
Set blue: 45
Set red: 50
Set green: 45
Set blue: 65
Set red: 65
Set green: 30
Set blue: 70
Set red: 10
Set green: 55
Set blue: 75
Set red: 0
Set green: 10
Set blue: 65
